0 info it worked if it ends with ok
1 verbose cli [ '/Users/rajendra/.nvm/versions/node/v6.8.0/bin/node',
1 verbose cli   '/Users/rajendra/.nvm/versions/node/v6.8.0/bin/npm',
1 verbose cli   'start' ]
2 info using npm@3.10.8
3 info using node@v6.8.0
4 verbose run-script [ 'prestart', 'start', 'poststart' ]
5 info lifecycle a2website@1.0.0~prestart: a2website@1.0.0
6 silly lifecycle a2website@1.0.0~prestart: no script for prestart, continuing
7 info lifecycle a2website@1.0.0~start: a2website@1.0.0
8 verbose lifecycle a2website@1.0.0~start: unsafe-perm in lifecycle true
9 verbose lifecycle a2website@1.0.0~start: PATH: /Users/rajendra/.nvm/versions/node/v6.8.0/lib/node_modules/npm/bin/node-gyp-bin:/Users/rajendra/Desktop/desktop/projects/angular2/udemy-1/a2website/node_modules/.bin:/Users/rajendra/.nvm/versions/node/v6.8.0/bin:/usr/local/bin:/usr/bin:/bin:/usr/sbin:/sbin:/usr/local/go/bin
10 verbose lifecycle a2website@1.0.0~start: CWD: /Users/rajendra/Desktop/desktop/projects/angular2/udemy-1/a2website
11 silly lifecycle a2website@1.0.0~start: Args: [ '-c', 'tsc && concurrently "npm run tsc:w" "npm run lite" ' ]
12 silly lifecycle a2website@1.0.0~start: Returned: code: 2  signal: null
13 info lifecycle a2website@1.0.0~start: Failed to exec start script
14 verbose stack Error: a2website@1.0.0 start: `tsc && concurrently "npm run tsc:w" "npm run lite" `
14 verbose stack Exit status 2
14 verbose stack     at EventEmitter.<anonymous> (/Users/rajendra/.nvm/versions/node/v6.8.0/lib/node_modules/npm/lib/utils/lifecycle.js:255:16)
14 verbose stack     at emitTwo (events.js:106:13)
14 verbose stack     at EventEmitter.emit (events.js:191:7)
14 verbose stack     at ChildProcess.<anonymous> (/Users/rajendra/.nvm/versions/node/v6.8.0/lib/node_modules/npm/lib/utils/spawn.js:40:14)
14 verbose stack     at emitTwo (events.js:106:13)
14 verbose stack     at ChildProcess.emit (events.js:191:7)
14 verbose stack     at maybeClose (internal/child_process.js:877:16)
14 verbose stack     at Process.ChildProcess._handle.onexit (internal/child_process.js:226:5)
15 verbose pkgid a2website@1.0.0
16 verbose cwd /Users/rajendra/Desktop/desktop/projects/angular2/udemy-1/a2website
17 error Darwin 17.3.0
18 error argv "/Users/rajendra/.nvm/versions/node/v6.8.0/bin/node" "/Users/rajendra/.nvm/versions/node/v6.8.0/bin/npm" "start"
19 error node v6.8.0
20 error npm  v3.10.8
21 error code ELIFECYCLE
22 error a2website@1.0.0 start: `tsc && concurrently "npm run tsc:w" "npm run lite" `
22 error Exit status 2
23 error Failed at the a2website@1.0.0 start script 'tsc && concurrently "npm run tsc:w" "npm run lite" '.
23 error Make sure you have the latest version of node.js and npm installed.
23 error If you do, this is most likely a problem with the a2website package,
23 error not with npm itself.
23 error Tell the author that this fails on your system:
23 error     tsc && concurrently "npm run tsc:w" "npm run lite"
23 error You can get information on how to open an issue for this project with:
23 error     npm bugs a2website
23 error Or if that isn't available, you can get their info via:
23 error     npm owner ls a2website
23 error There is likely additional logging output above.
24 verbose exit [ 1, true ]
